<?xml version="1.0" encoding="UTF-8"?>
<!-- Generated by org.testng.reporters.JUnitXMLReporter -->
<testsuite hostname="Prithvi-1" ignored="0" name="Default test" tests="3" failures="0" timestamp="17 Apr 2019 19:34:42 GMT" time="18.968" errors="0">
  <testcase name="amazoninTest" time="4.828" classname="testNGClasses.TestPrimary"/>
  <testcase name="facebookTest" time="5.795" classname="testNGClasses.TestPrimary"/>
  <testcase name="googleTest" time="1.434" classname="testNGClasses.TestPrimary"/>
</testsuite> <!-- Default test -->
