<?xml version="1.0" encoding="UTF-8"?>
<!-- Generated by org.testng.reporters.JUnitXMLReporter -->
<testsuite hostname="Prithvi-1" ignored="0" name="Command line test" tests="9" failures="0" timestamp="17 Apr 2019 19:56:54 GMT" time="38.79" errors="0">
  <testcase name="amazoninTest" time="4.672" classname="testNGClasses.TestPrimary"/>
  <testcase name="facebookTest" time="5.694" classname="testNGClasses.TestPrimary"/>
  <testcase name="googleTest" time="1.177" classname="testNGClasses.TestPrimary"/>
  <testcase name="amazoninTest" time="3.38" classname="testNGClasses.TestSecondary"/>
  <testcase name="facebookTest" time="4.246" classname="testNGClasses.TestSecondary"/>
  <testcase name="googleTest" time="1.13" classname="testNGClasses.TestSecondary"/>
  <testcase name="amazoninTest" time="3.824" classname="testNGClasses.TestTertiary"/>
  <testcase name="facebookTest" time="4.146" classname="testNGClasses.TestTertiary"/>
  <testcase name="googleTest" time="0.525" classname="testNGClasses.TestTertiary"/>
</testsuite> <!-- Command line test -->
