<?xml version="1.0" encoding="UTF-8"?>
<!-- Generated by org.testng.reporters.JUnitXMLReporter -->
<testsuite hostname="Prithvi-1" ignored="0" name="Command line test" tests="9" failures="0" timestamp="18 Apr 2019 18:53:58 GMT" time="44.857" errors="0">
  <testcase name="googleTest" time="1.962" classname="testNGClasses.TestSecondary"/>
  <testcase name="facebookTest" time="5.689" classname="testNGClasses.TestTertiary"/>
  <testcase name="googleTest" time="1.276" classname="testNGClasses.TestTertiary"/>
  <testcase name="facebookTest" time="5.12" classname="testNGClasses.TestSecondary"/>
  <testcase name="amazoninTest" time="4.463" classname="testNGClasses.TestTertiary"/>
  <testcase name="amazoninTest" time="4.937" classname="testNGClasses.TestSecondary"/>
  <testcase name="googleTest" time="2.257" classname="testNGClasses.TestPrimary"/>
  <testcase name="amazoninTest" time="3.446" classname="testNGClasses.TestPrimary"/>
  <testcase name="facebookTest" time="4.083" classname="testNGClasses.TestPrimary"/>
</testsuite> <!-- Command line test -->
