<?xml version="1.0" encoding="UTF-8"?>
<testsuite xmlns:xsi="http://www.w3.org/2001/XMLSchema-instance" xsi:noNamespaceSchemaLocation="https://maven.apache.org/surefire/maven-surefire-plugin/xsd/surefire-test-report.xsd" name="TestSuite" time="97.548" tests="17" errors="0" skipped="6" failures="2">
  <properties>
[...]
</properties>
  <testcase name="googleTest" classname="testNGClasses.TestPrimary" time="3.477"/>
  <testcase name="amazoninTest" classname="testNGClasses.TestPrimary" time="6.996"/>
  <testcase name="facebookTest" classname="testNGClasses.TestPrimary" time="25.659"/>
  <testcase name="googleTest" classname="testNGClasses.TestSecondary" time="2.88"/>
  <testcase name="facebookTest" classname="testNGClasses.TestSecondary" time="2.952"/>
  <testcase name="amazoninTest" classname="testNGClasses.TestSecondary" time="11.999"/>
  <testcase name="facebookTest" classname="testNGClasses.TestTertiary" time="6.277"/>
  <testcase name="googleTest" classname="testNGClasses.TestTertiary" time="0.67"/>
  <testcase name="amazoninTest" classname="testNGClasses.TestTertiary" time="7.963"/>
  <testcase name="googleTest" classname="testNGClasses.FailTestInTestAnnotation" time="0">
    <skipped message="expected [google] but found [Google]"/>
    <system-out><![CDATA['FailTestInTestAnnotation.class': Expected title of webpage is: google
'FailTestInTestAnnotation.class': Actual title of webpage is: Google
]]></system-out>
    <system-err><![CDATA[Starting ChromeDriver 2.38.552522 (437e6fbedfa8762dec75e2c5b3ddb86763dc9dcb) on port 19839
Only local connections are allowed.
Apr 23, 2019 11:01:49 PM org.openqa.selenium.remote.ProtocolHandshake createSession
INFO: Detected dialect: OSS
]]></system-err>
  </testcase>
  <testcase name="googleTest" classname="testNGClasses.FailTestInTestAnnotation" time="0">
    <skipped message="expected [google] but found [Google]"/>
    <system-out><![CDATA['FailTestInTestAnnotation.class': Expected title of webpage is: google
'FailTestInTestAnnotation.class': Actual title of webpage is: Google
]]></system-out>
  </testcase>
  <testcase name="googleTest" classname="testNGClasses.FailTestInTestAnnotation" time="0">
    <skipped message="expected [google] but found [Google]"/>
    <system-out><![CDATA['FailTestInTestAnnotation.class': Expected title of webpage is: google
'FailTestInTestAnnotation.class': Actual title of webpage is: Google
]]></system-out>
  </testcase>
  <testcase name="googleTest" classname="testNGClasses.FailTestInTestAnnotation" time="0.382">
    <failure message="expected [google] but found [Google]" type="java.lang.AssertionError">java.lang.AssertionError: expected [google] but found [Google]
	at testNGClasses.FailTestInTestAnnotation.googleTest(FailTestInTestAnnotation.java:36)
</failure>
    <system-out><![CDATA['FailTestInTestAnnotation.class': Expected title of webpage is: google
'FailTestInTestAnnotation.class': Actual title of webpage is: Google
]]></system-out>
  </testcase>
  <testcase name="googleTest" classname="testNGClasses.FailTestGlobal" time="0">
    <skipped message="expected [google] but found [Google]"/>
    <system-out><![CDATA['FailTestGlobal.class': Expected title of webpage is: google
'FailTestGlobal.class': Actual title of webpage is: Google
]]></system-out>
    <system-err><![CDATA[Starting ChromeDriver 2.38.552522 (437e6fbedfa8762dec75e2c5b3ddb86763dc9dcb) on port 7080
Only local connections are allowed.
Apr 23, 2019 11:01:56 PM org.openqa.selenium.remote.ProtocolHandshake createSession
INFO: Detected dialect: OSS
]]></system-err>
  </testcase>
  <testcase name="googleTest" classname="testNGClasses.FailTestGlobal" time="0">
    <skipped message="expected [google] but found [Google]"/>
    <system-out><![CDATA['FailTestGlobal.class': Expected title of webpage is: google
'FailTestGlobal.class': Actual title of webpage is: Google
]]></system-out>
  </testcase>
  <testcase name="googleTest" classname="testNGClasses.FailTestGlobal" time="0">
    <skipped message="expected [google] but found [Google]"/>
    <system-out><![CDATA['FailTestGlobal.class': Expected title of webpage is: google
'FailTestGlobal.class': Actual title of webpage is: Google
]]></system-out>
  </testcase>
  <testcase name="googleTest" classname="testNGClasses.FailTestGlobal" time="0.372">
    <failure message="expected [google] but found [Google]" type="java.lang.AssertionError">java.lang.AssertionError: expected [google] but found [Google]
	at testNGClasses.FailTestGlobal.googleTest(FailTestGlobal.java:36)
</failure>
    <system-out><![CDATA['FailTestGlobal.class': Expected title of webpage is: google
'FailTestGlobal.class': Actual title of webpage is: Google
]]></system-out>
  </testcase>
</testsuite>