<?xml version="1.0" encoding="UTF-8"?>
<!-- Generated by org.testng.reporters.JUnitXMLReporter -->
<testsuite hostname="Prithvi-1" ignored="0" name="failTestToTakeScreenShot" tests="9" failures="2" timestamp="24 Apr 2019 19:29:40 GMT" time="28.693" errors="0">
  <testcase name="amazoninTest" time="10.279" classname="testNGClasses.TakeFailScreenShots"/>
  <testcase name="facebookTest" time="6.724" classname="testNGClasses.TakeFailScreenShots">
    <skipped/>
  </testcase> <!-- facebookTest -->
  <testcase name="facebookTest" time="1.633" classname="testNGClasses.TakeFailScreenShots">
    <skipped/>
  </testcase> <!-- facebookTest -->
  <testcase name="facebookTest" time="1.41" classname="testNGClasses.TakeFailScreenShots">
    <skipped/>
  </testcase> <!-- facebookTest -->
  <testcase name="facebookTest" time="1.366" classname="testNGClasses.TakeFailScreenShots">
    <failure type="java.lang.AssertionError" message="expected [facebook – log in or sign up] but found [Facebook – log in or sign up]">
      <![CDATA[java.lang.AssertionError: expected [facebook – log in or sign up] but found [Facebook – log in or sign up]
at testNGClasses.TakeFailScreenShots.facebookTest(TakeFailScreenShots.java:53)
... Removed 31 stack frames]]>
    </failure>
  </testcase> <!-- facebookTest -->
  <testcase name="googleTest" time="2.094" classname="testNGClasses.TakeFailScreenShots">
    <skipped/>
  </testcase> <!-- googleTest -->
  <testcase name="googleTest" time="0.535" classname="testNGClasses.TakeFailScreenShots">
    <skipped/>
  </testcase> <!-- googleTest -->
  <testcase name="googleTest" time="0.515" classname="testNGClasses.TakeFailScreenShots">
    <skipped/>
  </testcase> <!-- googleTest -->
  <testcase name="googleTest" time="0.477" classname="testNGClasses.TakeFailScreenShots">
    <failure type="java.lang.AssertionError" message="expected [google] but found [Google]">
      <![CDATA[java.lang.AssertionError: expected [google] but found [Google]
at testNGClasses.TakeFailScreenShots.googleTest(TakeFailScreenShots.java:41)
... Removed 31 stack frames]]>
    </failure>
  </testcase> <!-- googleTest -->
</testsuite> <!-- failTestToTakeScreenShot -->
