<?xml version="1.0" encoding="UTF-8"?>
<!-- Generated by org.testng.reporters.JUnitXMLReporter -->
<testsuite hostname="Prithvi-1" ignored="0" name="failTestGlobal" tests="4" failures="1" timestamp="24 Apr 2019 19:29:11 GMT" time="8.008" errors="0">
  <testcase name="googleTest" time="3.646" classname="testNGClasses.FailTestGlobal">
    <skipped/>
  </testcase> <!-- googleTest -->
  <testcase name="googleTest" time="0.522" classname="testNGClasses.FailTestGlobal">
    <skipped/>
  </testcase> <!-- googleTest -->
  <testcase name="googleTest" time="0.519" classname="testNGClasses.FailTestGlobal">
    <skipped/>
  </testcase> <!-- googleTest -->
  <testcase name="googleTest" time="0.533" classname="testNGClasses.FailTestGlobal">
    <failure type="java.lang.AssertionError" message="expected [google] but found [Google]">
      <![CDATA[java.lang.AssertionError: expected [google] but found [Google]
at testNGClasses.FailTestGlobal.googleTest(FailTestGlobal.java:36)
... Removed 31 stack frames]]>
    </failure>
  </testcase> <!-- googleTest -->
</testsuite> <!-- failTestGlobal -->
