<?xml version="1.0" encoding="UTF-8"?>
<!-- Generated by org.testng.reporters.JUnitXMLReporter -->
<testsuite hostname="Prithvi-1" ignored="0" name="failTestInTestAnnotation" tests="4" failures="1" timestamp="23 Apr 2019 17:04:36 GMT" time="22.831" errors="0">
  <testcase name="googleTest" time="4.373" classname="testNGClasses.FailTestGlobal">
    <skipped/>
  </testcase> <!-- googleTest -->
  <testcase name="googleTest" time="0.46" classname="testNGClasses.FailTestGlobal">
    <skipped/>
  </testcase> <!-- googleTest -->
  <testcase name="googleTest" time="0.371" classname="testNGClasses.FailTestGlobal">
    <skipped/>
  </testcase> <!-- googleTest -->
  <testcase name="googleTest" time="0.417" classname="testNGClasses.FailTestGlobal">
    <failure type="java.lang.AssertionError" message="expected [google] but found [Google]">
      <![CDATA[java.lang.AssertionError: expected [google] but found [Google]
at testNGClasses.FailTestGlobal.googleTest(FailTestGlobal.java:36)
... Removed 31 stack frames]]>
    </failure>
  </testcase> <!-- googleTest -->
</testsuite> <!-- failTestInTestAnnotation -->
