<?xml version="1.0" encoding="UTF-8"?>
<!-- Generated by org.testng.reporters.JUnitXMLReporter -->
<testsuite hostname="Prithvi-1" ignored="0" name="firstTest" tests="3" failures="0" timestamp="24 Apr 2019 19:28:21 GMT" time="21.06" errors="0">
  <testcase name="googleTest" time="4.626" classname="testNGClasses.TestPrimary"/>
  <testcase name="amazoninTest" time="5.093" classname="testNGClasses.TestPrimary"/>
  <testcase name="facebookTest" time="7.347" classname="testNGClasses.TestPrimary"/>
</testsuite> <!-- firstTest -->
