<?xml version="1.0" encoding="UTF-8"?>
<!-- Generated by org.testng.reporters.JUnitXMLReporter -->
<testsuite hostname="Prithvi-1" ignored="0" name="secondTest" tests="3" failures="0" timestamp="24 Apr 2019 19:28:37 GMT" time="15.868" errors="0">
  <testcase name="googleTest" time="3.669" classname="testNGClasses.TestSecondary"/>
  <testcase name="facebookTest" time="3.667" classname="testNGClasses.TestSecondary"/>
  <testcase name="amazoninTest" time="5.672" classname="testNGClasses.TestSecondary"/>
</testsuite> <!-- secondTest -->
