<?xml version="1.0" encoding="UTF-8"?>
<!-- Generated by org.testng.reporters.JUnitXMLReporter -->
<testsuite hostname="PRITHVI-DELL" ignored="0" name="secondTest" tests="3" failures="0" timestamp="22 May 2019 17:44:50 GMT" time="11.859" errors="0">
  <testcase name="googleTest" time="2.488" classname="testNGClasses.TestSecondary"/>
  <testcase name="facebookTest" time="3.025" classname="testNGClasses.TestSecondary"/>
  <testcase name="amazoninTest" time="3.621" classname="testNGClasses.TestSecondary"/>
</testsuite> <!-- secondTest -->
