<?xml version="1.0" encoding="UTF-8"?>
<!-- Generated by org.testng.reporters.JUnitXMLReporter -->
<testsuite hostname="PRITHVI-DELL" ignored="0" name="thirdTest" tests="3" failures="0" timestamp="22 May 2019 17:45:03 GMT" time="12.879" errors="0">
  <testcase name="facebookTest" time="4.196" classname="testNGClasses.TestTertiary"/>
  <testcase name="googleTest" time="1.332" classname="testNGClasses.TestTertiary"/>
  <testcase name="amazoninTest" time="4.555" classname="testNGClasses.TestTertiary"/>
</testsuite> <!-- thirdTest -->
