<?xml version="1.0" encoding="UTF-8"?>
<testng-results skipped="0" failed="0" ignored="0" total="3" passed="3">
  <reporter-output>
  </reporter-output>
  <suite name="Default suite" duration-ms="18968" started-at="2019-04-17T19:34:22Z" finished-at="2019-04-17T19:34:41Z">
    <groups>
    </groups>
    <test name="Default test" duration-ms="18968" started-at="2019-04-17T19:34:22Z" finished-at="2019-04-17T19:34:41Z">
      <class name="testNGClasses.TestPrimary">
        <test-method status="PASS" signature="driverInitiator()[pri:0, instance:testNGClasses.TestPrimary@cc285f4]" name="driverInitiator" is-config="true" duration-ms="6215" started-at="2019-04-17T19:34:22Z" finished-at="2019-04-17T19:34:29Z">
          <reporter-output>
          </reporter-output>
        </test-method> <!-- driverInitiator -->
        <test-method status="PASS" signature="amazoninTest()[pri:0, instance:testNGClasses.TestPrimary@cc285f4]" name="amazoninTest" duration-ms="4828" started-at="2019-04-17T19:34:29Z" finished-at="2019-04-17T19:34:33Z">
          <reporter-output>
          </reporter-output>
        </test-method> <!-- amazoninTest -->
        <test-method status="PASS" signature="facebookTest()[pri:0, instance:testNGClasses.TestPrimary@cc285f4]" name="facebookTest" duration-ms="5795" started-at="2019-04-17T19:34:33Z" finished-at="2019-04-17T19:34:39Z">
          <reporter-output>
          </reporter-output>
        </test-method> <!-- facebookTest -->
        <test-method status="PASS" signature="googleTest()[pri:0, instance:testNGClasses.TestPrimary@cc285f4]" name="googleTest" duration-ms="1434" started-at="2019-04-17T19:34:39Z" finished-at="2019-04-17T19:34:41Z">
          <reporter-output>
          </reporter-output>
        </test-method> <!-- googleTest -->
        <test-method status="PASS" signature="driverQuit()[pri:0, instance:testNGClasses.TestPrimary@cc285f4]" name="driverQuit" is-config="true" duration-ms="664" started-at="2019-04-17T19:34:41Z" finished-at="2019-04-17T19:34:41Z">
          <reporter-output>
          </reporter-output>
        </test-method> <!-- driverQuit -->
      </class> <!-- testNGClasses.TestPrimary -->
    </test> <!-- Default test -->
  </suite> <!-- Default suite -->
</testng-results>
