<?xml version="1.0" encoding="UTF-8"?>
<testng-results skipped="0" failed="0" ignored="0" total="6" passed="6">
  <reporter-output>
  </reporter-output>
  <suite name="TestSuite1" duration-ms="27424" started-at="2019-04-18T18:51:58Z" finished-at="2019-04-18T18:52:26Z">
    <groups>
    </groups>
    <test name="firstTest" duration-ms="13944" started-at="2019-04-18T18:51:58Z" finished-at="2019-04-18T18:52:12Z">
      <class name="testNGClasses.TestPrimary">
        <test-method status="PASS" signature="driverInitiator()[pri:0, instance:testNGClasses.TestPrimary@cc285f4]" name="driverInitiator" is-config="true" duration-ms="3161" started-at="2019-04-18T18:51:59Z" finished-at="2019-04-18T18:52:02Z">
          <reporter-output>
          </reporter-output>
        </test-method> <!-- driverInitiator -->
        <test-method status="PASS" signature="googleTest()[pri:49, instance:testNGClasses.TestPrimary@cc285f4]" name="googleTest" duration-ms="2546" started-at="2019-04-18T18:52:02Z" finished-at="2019-04-18T18:52:04Z">
          <reporter-output>
          </reporter-output>
        </test-method> <!-- googleTest -->
        <test-method status="PASS" signature="amazoninTest()[pri:50, instance:testNGClasses.TestPrimary@cc285f4]" name="amazoninTest" duration-ms="3351" started-at="2019-04-18T18:52:04Z" finished-at="2019-04-18T18:52:08Z">
          <reporter-output>
          </reporter-output>
        </test-method> <!-- amazoninTest -->
        <test-method status="PASS" signature="facebookTest()[pri:51, instance:testNGClasses.TestPrimary@cc285f4]" name="facebookTest" duration-ms="4161" started-at="2019-04-18T18:52:08Z" finished-at="2019-04-18T18:52:12Z">
          <reporter-output>
          </reporter-output>
        </test-method> <!-- facebookTest -->
        <test-method status="PASS" signature="driverQuit()[pri:0, instance:testNGClasses.TestPrimary@cc285f4]" name="driverQuit" is-config="true" duration-ms="688" started-at="2019-04-18T18:52:12Z" finished-at="2019-04-18T18:52:12Z">
          <reporter-output>
          </reporter-output>
        </test-method> <!-- driverQuit -->
      </class> <!-- testNGClasses.TestPrimary -->
    </test> <!-- firstTest -->
    <test name="secondTest" duration-ms="13404" started-at="2019-04-18T18:52:13Z" finished-at="2019-04-18T18:52:26Z">
      <class name="testNGClasses.TestSecondary">
        <test-method status="PASS" signature="driverInitiator()[pri:0, instance:testNGClasses.TestSecondary@6a4f787b]" name="driverInitiator" is-config="true" duration-ms="2084" started-at="2019-04-18T18:52:13Z" finished-at="2019-04-18T18:52:15Z">
          <reporter-output>
          </reporter-output>
        </test-method> <!-- driverInitiator -->
        <test-method status="PASS" signature="googleTest()[pri:0, instance:testNGClasses.TestSecondary@6a4f787b]" name="googleTest" duration-ms="2746" started-at="2019-04-18T18:52:15Z" finished-at="2019-04-18T18:52:17Z">
          <reporter-output>
          </reporter-output>
        </test-method> <!-- googleTest -->
        <test-method status="PASS" signature="facebookTest()[pri:0, instance:testNGClasses.TestSecondary@6a4f787b]" name="facebookTest" duration-ms="4222" started-at="2019-04-18T18:52:17Z" depends-on-methods="testNGClasses.TestSecondary.googleTest" finished-at="2019-04-18T18:52:22Z">
          <reporter-output>
          </reporter-output>
        </test-method> <!-- facebookTest -->
        <test-method status="PASS" signature="amazoninTest()[pri:0, instance:testNGClasses.TestSecondary@6a4f787b]" name="amazoninTest" duration-ms="3349" started-at="2019-04-18T18:52:22Z" depends-on-methods="testNGClasses.TestSecondary.facebookTest" finished-at="2019-04-18T18:52:25Z">
          <reporter-output>
          </reporter-output>
        </test-method> <!-- amazoninTest -->
        <test-method status="PASS" signature="driverQuit()[pri:0, instance:testNGClasses.TestSecondary@6a4f787b]" name="driverQuit" is-config="true" duration-ms="993" started-at="2019-04-18T18:52:25Z" finished-at="2019-04-18T18:52:26Z">
          <reporter-output>
          </reporter-output>
        </test-method> <!-- driverQuit -->
      </class> <!-- testNGClasses.TestSecondary -->
    </test> <!-- secondTest -->
  </suite> <!-- TestSuite1 -->
</testng-results>
