<?xml version="1.0" encoding="UTF-8"?>
<!-- Generated by org.testng.reporters.JUnitXMLReporter -->
<testsuite hostname="Prithvi-1" ignored="0" name="failTestGlobal" tests="4" failures="1" timestamp="23 Apr 2019 17:11:04 GMT" time="8.717" errors="0">
  <testcase name="googleTest" time="4.305" classname="testNGClasses.FailTestGlobal">
    <skipped/>
  </testcase> <!-- googleTest -->
  <testcase name="googleTest" time="0.698" classname="testNGClasses.FailTestGlobal">
    <skipped/>
  </testcase> <!-- googleTest -->
  <testcase name="googleTest" time="0.468" classname="testNGClasses.FailTestGlobal">
    <skipped/>
  </testcase> <!-- googleTest -->
  <testcase name="googleTest" time="0.542" classname="testNGClasses.FailTestGlobal">
    <failure type="java.lang.AssertionError" message="expected [google] but found [Google]">
      <![CDATA[java.lang.AssertionError: expected [google] but found [Google]
at testNGClasses.FailTestGlobal.googleTest(FailTestGlobal.java:36)
... Removed 35 stack frames]]>
    </failure>
  </testcase> <!-- googleTest -->
</testsuite> <!-- failTestGlobal -->
