<?xml version="1.0" encoding="UTF-8"?>
<!-- Generated by org.testng.reporters.JUnitXMLReporter -->
<testsuite hostname="Prithvi-1" ignored="0" name="failTestInTestAnnotation" tests="4" failures="1" timestamp="23 Apr 2019 17:10:55 GMT" time="8.556" errors="0">
  <testcase name="googleTest" time="4.099" classname="testNGClasses.FailTestInTestAnnotation">
    <skipped/>
  </testcase> <!-- googleTest -->
  <testcase name="googleTest" time="0.706" classname="testNGClasses.FailTestInTestAnnotation">
    <skipped/>
  </testcase> <!-- googleTest -->
  <testcase name="googleTest" time="0.502" classname="testNGClasses.FailTestInTestAnnotation">
    <skipped/>
  </testcase> <!-- googleTest -->
  <testcase name="googleTest" time="0.505" classname="testNGClasses.FailTestInTestAnnotation">
    <failure type="java.lang.AssertionError" message="expected [google] but found [Google]">
      <![CDATA[java.lang.AssertionError: expected [google] but found [Google]
at testNGClasses.FailTestInTestAnnotation.googleTest(FailTestInTestAnnotation.java:36)
... Removed 35 stack frames]]>
    </failure>
  </testcase> <!-- googleTest -->
</testsuite> <!-- failTestInTestAnnotation -->
