<?xml version="1.0" encoding="UTF-8"?>
<!-- Generated by org.testng.reporters.JUnitXMLReporter -->
<testsuite hostname="Prithvi-1" ignored="0" name="failTestGlobal" tests="4" failures="1" timestamp="23 Apr 2019 17:32:01 GMT" time="6.982" errors="0">
  <testcase name="googleTest" time="3.089" classname="testNGClasses.FailTestGlobal">
    <skipped/>
  </testcase> <!-- googleTest -->
  <testcase name="googleTest" time="0.348" classname="testNGClasses.FailTestGlobal">
    <skipped/>
  </testcase> <!-- googleTest -->
  <testcase name="googleTest" time="0.404" classname="testNGClasses.FailTestGlobal">
    <skipped/>
  </testcase> <!-- googleTest -->
  <testcase name="googleTest" time="0.359" classname="testNGClasses.FailTestGlobal">
    <failure type="java.lang.AssertionError" message="expected [google] but found [Google]">
      <![CDATA[java.lang.AssertionError: expected [google] but found [Google]
at testNGClasses.FailTestGlobal.googleTest(FailTestGlobal.java:36)
... Removed 35 stack frames]]>
    </failure>
  </testcase> <!-- googleTest -->
</testsuite> <!-- failTestGlobal -->
