<?xml version="1.0" encoding="UTF-8"?>
<!-- Generated by org.testng.reporters.JUnitXMLReporter -->
<testsuite hostname="Prithvi-1" ignored="0" name="firstTest" tests="3" failures="0" timestamp="23 Apr 2019 17:09:58 GMT" time="80.049" errors="0">
  <testcase name="googleTest" time="8.974" classname="testNGClasses.TestPrimary"/>
  <testcase name="amazoninTest" time="50.593" classname="testNGClasses.TestPrimary"/>
  <testcase name="facebookTest" time="12.909" classname="testNGClasses.TestPrimary"/>
</testsuite> <!-- firstTest -->
