<?xml version="1.0" encoding="UTF-8"?>
<!-- Generated by org.testng.reporters.JUnitXMLReporter -->
<testsuite hostname="Prithvi-1" ignored="0" name="secondTest" tests="3" failures="0" timestamp="23 Apr 2019 17:10:23 GMT" time="24.854" errors="0">
  <testcase name="googleTest" time="4.26" classname="testNGClasses.TestSecondary"/>
  <testcase name="facebookTest" time="6.207" classname="testNGClasses.TestSecondary"/>
  <testcase name="amazoninTest" time="9.522" classname="testNGClasses.TestSecondary"/>
</testsuite> <!-- secondTest -->
