<?xml version="1.0" encoding="UTF-8"?>
<!-- Generated by org.testng.reporters.JUnitXMLReporter -->
<testsuite hostname="Prithvi-1" ignored="0" name="secondTest" tests="3" failures="0" timestamp="18 Apr 2019 19:07:16 GMT" time="15.951" errors="0">
  <testcase name="googleTest" time="3.64" classname="testNGClasses.TestSecondary"/>
  <testcase name="facebookTest" time="3.772" classname="testNGClasses.TestSecondary"/>
  <testcase name="amazoninTest" time="3.848" classname="testNGClasses.TestSecondary"/>
</testsuite> <!-- secondTest -->
