<?xml version="1.0" encoding="UTF-8"?>
<!-- Generated by org.testng.reporters.JUnitXMLReporter -->
<testsuite hostname="Prithvi-1" ignored="0" name="thirdTest" tests="3" failures="0" timestamp="23 Apr 2019 17:31:47 GMT" time="17.935" errors="0">
  <testcase name="facebookTest" time="6.277" classname="testNGClasses.TestTertiary"/>
  <testcase name="googleTest" time="0.67" classname="testNGClasses.TestTertiary"/>
  <testcase name="amazoninTest" time="7.963" classname="testNGClasses.TestTertiary"/>
</testsuite> <!-- thirdTest -->
