<?xml version="1.0" encoding="UTF-8"?>
<!-- Generated by org.testng.reporters.JUnitXMLReporter -->
<testsuite hostname="Prithvi-1" ignored="0" name="thirdTest" tests="3" failures="0" timestamp="23 Apr 2019 17:10:47 GMT" time="23.359" errors="0">
  <testcase name="facebookTest" time="8.901" classname="testNGClasses.TestTertiary"/>
  <testcase name="googleTest" time="2.46" classname="testNGClasses.TestTertiary"/>
  <testcase name="amazoninTest" time="9.045" classname="testNGClasses.TestTertiary"/>
</testsuite> <!-- thirdTest -->
